kotlin version: 2.0.21
error message: org.jetbrains.kotlin.backend.common.BackendException: Backend Internal error: Exception during IR lowering
File being compiled: /Users/shpinardmitri/Documents/Projects/Android/swisstime/worldclockcommon/src/main/java/com/coroutines/worldclock/common/watchface/WorldClockWatchTheme.kt
The root cause java.lang.RuntimeException was thrown at: org.jetbrains.kotlin.backend.jvm.codegen.FunctionCodegen.generate(FunctionCodegen.kt:47)
	at org.jetbrains.kotlin.backend.common.CodegenUtil.reportBackendException(CodegenUtil.kt:253)
	at org.jetbrains.kotlin.backend.common.CodegenUtil.reportBackendException$default(CodegenUtil.kt:236)
	at org.jetbrains.kotlin.backend.common.phaser.PerformByIrFilePhase.invokeSequential(performByIrFile.kt:65)
	at org.jetbrains.kotlin.backend.common.phaser.PerformByIrFilePhase.invoke(performByIrFile.kt:52)
	at org.jetbrains.kotlin.backend.common.phaser.PerformByIrFilePhase.invoke(performByIrFile.kt:38)
	at org.jetbrains.kotlin.backend.common.phaser.NamedCompilerPhase.phaseBody(CompilerPhase.kt:166)
	at org.jetbrains.kotlin.backend.common.phaser.AbstractNamedCompilerPhase.invoke(CompilerPhase.kt:113)
	at org.jetbrains.kotlin.backend.common.phaser.CompositePhase.invoke(PhaseBuilders.kt:27)
	at org.jetbrains.kotlin.backend.common.phaser.CompositePhase.invoke(PhaseBuilders.kt:14)
	at org.jetbrains.kotlin.backend.common.phaser.NamedCompilerPhase.phaseBody(CompilerPhase.kt:166)
	at org.jetbrains.kotlin.backend.common.phaser.AbstractNamedCompilerPhase.invoke(CompilerPhase.kt:113)
	at org.jetbrains.kotlin.backend.common.phaser.CompilerPhaseKt.invokeToplevel(CompilerPhase.kt:62)
	at org.jetbrains.kotlin.backend.jvm.JvmIrCodegenFactory.invokeCodegen(JvmIrCodegenFactory.kt:371)
	at org.jetbrains.kotlin.codegen.CodegenFactory.generateModule(CodegenFactory.kt:47)
	at org.jetbrains.kotlin.backend.jvm.JvmIrCodegenFactory.generateModuleInFrontendIRMode(JvmIrCodegenFactory.kt:433)
	at org.jetbrains.kotlin.cli.jvm.compiler.pipeline.JvmCompilerPipelineKt.generateCodeFromIr(jvmCompilerPipeline.kt:246)
	at org.jetbrains.kotlin.cli.jvm.compiler.pipeline.JvmCompilerPipelineKt.compileModulesUsingFrontendIrAndLightTree(jvmCompilerPipeline.kt:142)
	at org.jetbrains.kotlin.cli.jvm.K2JVMCompiler.doExecute(K2JVMCompiler.kt:148)
	at org.jetbrains.kotlin.cli.jvm.K2JVMCompiler.doExecute(K2JVMCompiler.kt:43)
	at org.jetbrains.kotlin.cli.common.CLICompiler.execImpl(CLICompiler.kt:103)
	at org.jetbrains.kotlin.cli.common.CLICompiler.execImpl(CLICompiler.kt:49)
	at org.jetbrains.kotlin.cli.common.CLITool.exec(CLITool.kt:101)
	at org.jetbrains.kotlin.incremental.IncrementalJvmCompilerRunner.runCompiler(IncrementalJvmCompilerRunner.kt:464)
	at org.jetbrains.kotlin.incremental.IncrementalJvmCompilerRunner.runCompiler(IncrementalJvmCompilerRunner.kt:73)
	at org.jetbrains.kotlin.incremental.IncrementalCompilerRunner.doCompile(IncrementalCompilerRunner.kt:506)
	at org.jetbrains.kotlin.incremental.IncrementalCompilerRunner.compileImpl(IncrementalCompilerRunner.kt:423)
	at org.jetbrains.kotlin.incremental.IncrementalCompilerRunner.compileNonIncrementally(IncrementalCompilerRunner.kt:301)
	at org.jetbrains.kotlin.incremental.IncrementalCompilerRunner.compile(IncrementalCompilerRunner.kt:129)
	at org.jetbrains.kotlin.daemon.CompileServiceImplBase.execIncrementalCompiler(CompileServiceImpl.kt:675)
	at org.jetbrains.kotlin.daemon.CompileServiceImplBase.access$execIncrementalCompiler(CompileServiceImpl.kt:92)
	at org.jetbrains.kotlin.daemon.CompileServiceImpl.compile(CompileServiceImpl.kt:1660)
	at java.base/jdk.internal.reflect.DirectMethodHandleAccessor.invoke(Unknown Source)
	at java.base/java.lang.reflect.Method.invoke(Unknown Source)
	at java.rmi/sun.rmi.server.UnicastServerRef.dispatch(Unknown Source)
	at java.rmi/sun.rmi.transport.Transport$1.run(Unknown Source)
	at java.rmi/sun.rmi.transport.Transport$1.run(Unknown Source)
	at java.base/java.security.AccessController.doPrivileged(Unknown Source)
	at java.rmi/sun.rmi.transport.Transport.serviceCall(Unknown Source)
	at java.rmi/sun.rmi.transport.tcp.TCPTransport.handleMessages(Unknown Source)
	at java.rmi/sun.rmi.transport.tcp.TCPTransport$ConnectionHandler.run0(Unknown Source)
	at java.rmi/sun.rmi.transport.tcp.TCPTransport$ConnectionHandler.lambda$run$0(Unknown Source)
	at java.base/java.security.AccessController.doPrivileged(Unknown Source)
	at java.rmi/sun.rmi.transport.tcp.TCPTransport$ConnectionHandler.run(Unknown Source)
	at java.base/java.util.concurrent.ThreadPoolExecutor.runWorker(Unknown Source)
	at java.base/java.util.concurrent.ThreadPoolExecutor$Worker.run(Unknown Source)
	at java.base/java.lang.Thread.run(Unknown Source)
Caused by: java.lang.RuntimeException: Exception while generating code for:
FUN name:BaseWatch visibility:public modality:FINAL <> (modifier:androidx.compose.ui.Modifier, timeZone:java.util.TimeZone, theme:com.coroutines.worldclock.common.watchface.WorldClockWatchTheme) returnType:kotlin.Unit
  annotations:
    Composable
  VALUE_PARAMETER name:modifier index:0 type:androidx.compose.ui.Modifier
    EXPRESSION_BODY
      ERROR_EXPR 'Default Stub' type=androidx.compose.ui.Modifier
  VALUE_PARAMETER name:timeZone index:1 type:java.util.TimeZone
    EXPRESSION_BODY
      ERROR_EXPR 'Default Stub' type=java.util.TimeZone
  VALUE_PARAMETER name:theme index:2 type:com.coroutines.worldclock.common.watchface.WorldClockWatchTheme
  BLOCK_BODY
    VAR PROPERTY_DELEGATE name:currentTime$delegate type:androidx.compose.runtime.MutableState<@[FlexibleNullability] java.util.Calendar?> [val]
      CALL 'public final fun remember <T> (calculation: @[DisallowComposableCalls] kotlin.Function0<T of androidx.compose.runtime.ComposablesKt.remember>): T of androidx.compose.runtime.ComposablesKt.remember [inline] declared in androidx.compose.runtime.ComposablesKt' type=androidx.compose.runtime.MutableState<@[FlexibleNullability] java.util.Calendar?> origin=null
        <T>: androidx.compose.runtime.MutableState<@[FlexibleNullability] java.util.Calendar?>
        calculation: BLOCK type=kotlin.Function0<androidx.compose.runtime.MutableState<@[FlexibleNullability] java.util.Calendar?>> origin=LAMBDA
          COMPOSITE type=kotlin.Unit origin=null
          FUNCTION_REFERENCE 'private final fun BaseWatch$lambda$0 ($timeZone: java.util.TimeZone): androidx.compose.runtime.MutableState<@[FlexibleNullability] java.util.Calendar?> declared in com.coroutines.worldclock.common.watchface.WorldClockWatchThemeKt' type=kotlin.Function0<androidx.compose.runtime.MutableState<@[FlexibleNullability] java.util.Calendar?>> origin=INLINE_LAMBDA reflectionTarget=null
            $timeZone: GET_VAR 'timeZone: java.util.TimeZone declared in com.coroutines.worldclock.common.watchface.WorldClockWatchThemeKt.BaseWatch' type=java.util.TimeZone origin=null
    VAR PROPERTY_DELEGATE name:timeZoneState$delegate type:androidx.compose.runtime.State<java.util.TimeZone> [val]
      CALL 'public final fun rememberUpdatedState <T> (newValue: T of androidx.compose.runtime.SnapshotStateKt.rememberUpdatedState): androidx.compose.runtime.State<T of androidx.compose.runtime.SnapshotStateKt.rememberUpdatedState> declared in androidx.compose.runtime.SnapshotStateKt' type=androidx.compose.runtime.State<java.util.TimeZone> origin=null
        <T>: java.util.TimeZone
        newValue: GET_VAR 'timeZone: java.util.TimeZone declared in com.coroutines.worldclock.common.watchface.WorldClockWatchThemeKt.BaseWatch' type=java.util.TimeZone origin=null
    CALL 'public final fun LaunchedEffect (key1: kotlin.Any?, block: @[ExtensionFunctionType] kotlin.coroutines.SuspendFunction1<kotlinx.coroutines.CoroutineScope, kotlin.Unit>): kotlin.Unit declared in androidx.compose.runtime.EffectsKt' type=kotlin.Unit origin=null
      key1: GET_FIELD 'FIELD FIELD_FOR_OBJECT_INSTANCE name:INSTANCE type:kotlin.Unit visibility:public [final,static] declared in kotlin.Unit' type=kotlin.Unit origin=null
      block: BLOCK type=com.coroutines.worldclock.common.watchface.WorldClockWatchThemeKt.BaseWatch.<no name provided> origin=null
        CLASS SUSPEND_LAMBDA CLASS name:<no name provided> modality:FINAL visibility:public/*package*/ superTypes:[kotlin.coroutines.jvm.internal.SuspendLambda; kotlin.jvm.functions.Function2<kotlinx.coroutines.CoroutineScope, kotlin.coroutines.Continuation<kotlin.Unit>?, kotlin.Any?>]
          $this: VALUE_PARAMETER INSTANCE_RECEIVER name:<this> type:com.coroutines.worldclock.common.watchface.WorldClockWatchThemeKt.BaseWatch.<no name provided>
          FIELD name:label type:kotlin.Int visibility:public/*package*/
          CONSTRUCTOR SUSPEND_LAMBDA visibility:public/*package*/ <> ($timeZoneState$delegate:androidx.compose.runtime.State<java.util.TimeZone>, $currentTime$delegate:androidx.compose.runtime.MutableState<@[FlexibleNullability] java.util.Calendar?>, $completion:kotlin.coroutines.Continuation<com.coroutines.worldclock.common.watchface.WorldClockWatchThemeKt.BaseWatch.<no name provided>>?) returnType:com.coroutines.worldclock.common.watchface.WorldClockWatchThemeKt.BaseWatch.<no name provided> [primary]
            VALUE_PARAMETER BOUND_VALUE_PARAMETER name:$timeZoneState$delegate index:0 type:androidx.compose.runtime.State<java.util.TimeZone>
            VALUE_PARAMETER BOUND_VALUE_PARAMETER name:$currentTime$delegate index:1 type:androidx.compose.runtime.MutableState<@[FlexibleNullability] java.util.Calendar?>
            VALUE_PARAMETER name:$completion index:2 type:kotlin.coroutines.Continuation<com.coroutines.worldclock.common.watchface.WorldClockWatchThemeKt.BaseWatch.<no name provided>>?
            BLOCK_BODY
              SET_FIELD 'FIELD FIELD_FOR_CAPTURED_VALUE name:$timeZoneState$delegate type:androidx.compose.runtime.State<java.util.TimeZone> visibility:public/*package*/ [final] declared in com.coroutines.worldclock.common.watchface.WorldClockWatchThemeKt.BaseWatch.<no name provided>' type=kotlin.Unit origin=INITIALIZER_OF_FIELD_FOR_CAPTURED_VALUE
                receiver: GET_VAR '<this>: com.coroutines.worldclock.common.watchface.WorldClockWatchThemeKt.BaseWatch.<no name provided> declared in com.coroutines.worldclock.common.watchface.WorldClockWatchThemeKt.BaseWatch.<no name provided>' type=com.coroutines.worldclock.common.watchface.WorldClockWatchThemeKt.BaseWatch.<no name provided> origin=null
                value: GET_VAR '$timeZoneState$delegate: androidx.compose.runtime.State<java.util.TimeZone> declared in com.coroutines.worldclock.common.watchface.WorldClockWatchThemeKt.BaseWatch.<no name provided>.<init>' type=androidx.compose.runtime.State<java.util.TimeZone> origin=null
              SET_FIELD 'FIELD FIELD_FOR_CAPTURED_VALUE name:$currentTime$delegate type:androidx.compose.runtime.MutableState<@[FlexibleNullability] java.util.Calendar?> visibility:public/*package*/ [final] declared in com.coroutines.worldclock.common.watchface.WorldClockWatchThemeKt.BaseWatch.<no name provided>' type=kotlin.Unit origin=INITIALIZER_OF_FIELD_FOR_CAPTURED_VALUE
                receiver: GET_VAR '<this>: com.coroutines.worldclock.common.watchface.WorldClockWatchThemeKt.BaseWatch.<no name provided> declared in com.coroutines.worldclock.common.watchface.WorldClockWatchThemeKt.BaseWatch.<no name provided>' type=com.coroutines.worldclock.common.watchface.WorldClockWatchThemeKt.BaseWatch.<no name provided> origin=null
                value: GET_VAR '$currentTime$delegate: androidx.compose.runtime.MutableState<@[FlexibleNullability] java.util.Calendar?> declared in com.coroutines.worldclock.common.watchface.WorldClockWatchThemeKt.BaseWatch.<no name provided>.<init>' type=androidx.compose.runtime.MutableState<@[FlexibleNullability] java.util.Calendar?> origin=null
              DELEGATING_CONSTRUCTOR_CALL 'public constructor <init> (arity: kotlin.Int, $completion: kotlin.coroutines.Continuation<kotlin.Any?>?) declared in kotlin.coroutines.jvm.internal.SuspendLambda'
                arity: CONST Int type=kotlin.Int value=2
                $completion: GET_VAR '$completion: kotlin.coroutines.Continuation<com.coroutines.worldclock.common.watchface.WorldClockWatchThemeKt.BaseWatch.<no name provided>>? declared in com.coroutines.worldclock.common.watchface.WorldClockWatchThemeKt.BaseWatch.<no name provided>.<init>' type=kotlin.coroutines.Continuation<com.coroutines.worldclock.common.watchface.WorldClockWatchThemeKt.BaseWatch.<no name provided>>? origin=null
              BLOCK type=kotlin.Unit origin=null
          FUN name:invokeSuspend visibility:public modality:FINAL <> ($this:com.coroutines.worldclock.common.watchface.WorldClockWatchThemeKt.BaseWatch.<no name provided>, $result:kotlin.Result<kotlin.Any?>) returnType:kotlin.Any?
            overridden:
              protected abstract fun invokeSuspend ($result: kotlin.Result<kotlin.Any?>): kotlin.Any? declared in kotlin.coroutines.jvm.internal.SuspendLambda
            $this: VALUE_PARAMETER INSTANCE_RECEIVER name:<this> type:com.coroutines.worldclock.common.watchface.WorldClockWatchThemeKt.BaseWatch.<no name provided>
            VALUE_PARAMETER name:$result index:0 type:kotlin.Result<kotlin.Any?>
            BLOCK_BODY
              WHILE label=WorldClockWatchThemeKt$BaseWatch$<no name provided>$invokeSuspend1 origin=WHILE_LOOP
                condition: CONST Boolean type=kotlin.Boolean value=true
                body: BLOCK type=kotlin.Unit origin=null
                  CALL 'public final fun access$BaseWatch$lambda$2 ($currentTime$delegate: androidx.compose.runtime.MutableState<@[FlexibleNullability] java.util.Calendar?>, <set-?>: @[FlexibleNullability] java.util.Calendar?): kotlin.Unit declared in com.coroutines.worldclock.common.watchface.WorldClockWatchThemeKt' type=kotlin.Unit origin=EQ
                    $currentTime$delegate: GET_FIELD 'FIELD FIELD_FOR_CAPTURED_VALUE name:$currentTime$delegate type:androidx.compose.runtime.MutableState<@[FlexibleNullability] java.util.Calendar?> visibility:public/*package*/ [final] declared in com.coroutines.worldclock.common.watchface.WorldClockWatchThemeKt.BaseWatch.<no name provided>' type=androidx.compose.runtime.MutableState<@[FlexibleNullability] java.util.Calendar?> origin=null
                      receiver: GET_VAR '<this>: com.coroutines.worldclock.common.watchface.WorldClockWatchThemeKt.BaseWatch.<no name provided> declared in com.coroutines.worldclock.common.watchface.WorldClockWatchThemeKt.BaseWatch.<no name provided>.invokeSuspend' type=com.coroutines.worldclock.common.watchface.WorldClockWatchThemeKt.BaseWatch.<no name provided> origin=null
                    <set-?>: CALL 'public open fun getInstance (p0: @[FlexibleNullability] java.util.TimeZone?): @[FlexibleNullability] java.util.Calendar? declared in java.util.Calendar' type=@[FlexibleNullability] java.util.Calendar? origin=null
                      p0: CALL 'public final fun access$BaseWatch$lambda$3 ($timeZoneState$delegate: androidx.compose.runtime.State<java.util.TimeZone>): java.util.TimeZone declared in com.coroutines.worldclock.common.watchface.WorldClockWatchThemeKt' type=java.util.TimeZone origin=GET_LOCAL_PROPERTY
                        $timeZoneState$delegate: GET_FIELD 'FIELD FIELD_FOR_CAPTURED_VALUE name:$timeZoneState$delegate type:androidx.compose.runtime.State<java.util.TimeZone> visibility:public/*package*/ [final] declared in com.coroutines.worldclock.common.watchface.WorldClockWatchThemeKt.BaseWatch.<no name provided>' type=androidx.compose.runtime.State<java.util.TimeZone> origin=null
                          receiver: GET_VAR '<this>: com.coroutines.worldclock.common.watchface.WorldClockWatchThemeKt.BaseWatch.<no name provided> declared in com.coroutines.worldclock.common.watchface.WorldClockWatchThemeKt.BaseWatch.<no name provided>.invokeSuspend' type=com.coroutines.worldclock.common.watchface.WorldClockWatchThemeKt.BaseWatch.<no name provided> origin=null
                  CALL 'public final fun delay (timeMillis: kotlin.Long, $completion: kotlin.coroutines.Continuation<kotlin.Unit>): kotlin.Any? [suspend] declared in kotlinx.coroutines.DelayKt' type=kotlin.Unit origin=null
                    timeMillis: CONST Long type=kotlin.Long value=1000
                    $completion: GET_VAR '<this>: com.coroutines.worldclock.common.watchface.WorldClockWatchThemeKt.BaseWatch.<no name provided> declared in com.coroutines.worldclock.common.watchface.WorldClockWatchThemeKt.BaseWatch.<no name provided>.invokeSuspend' type=com.coroutines.worldclock.common.watchface.WorldClockWatchThemeKt.BaseWatch.<no name provided> origin=null
          FUN name:create visibility:public modality:FINAL <> ($this:com.coroutines.worldclock.common.watchface.WorldClockWatchThemeKt.BaseWatch.<no name provided>, value:kotlin.Any?, $completion:kotlin.coroutines.Continuation<kotlin.Nothing>) returnType:kotlin.coroutines.Continuation<kotlin.Unit>
            overridden:
              public open fun create (value: kotlin.Any?, $completion: kotlin.coroutines.Continuation<kotlin.Nothing>): kotlin.coroutines.Continuation<kotlin.Unit> declared in kotlin.coroutines.jvm.internal.SuspendLambda
            $this: VALUE_PARAMETER INSTANCE_RECEIVER name:<this> type:com.coroutines.worldclock.common.watchface.WorldClockWatchThemeKt.BaseWatch.<no name provided>
            VALUE_PARAMETER name:value index:0 type:kotlin.Any?
            VALUE_PARAMETER name:$completion index:1 type:kotlin.coroutines.Continuation<kotlin.Nothing>
            BLOCK_BODY
              RETURN type=kotlin.Nothing from='public final fun create (value: kotlin.Any?, $completion: kotlin.coroutines.Continuation<kotlin.Nothing>): kotlin.coroutines.Continuation<kotlin.Unit> declared in com.coroutines.worldclock.common.watchface.WorldClockWatchThemeKt.BaseWatch.<no name provided>'
                CONSTRUCTOR_CALL 'public/*package*/ constructor <init> ($timeZoneState$delegate: androidx.compose.runtime.State<java.util.TimeZone>, $currentTime$delegate: androidx.compose.runtime.MutableState<@[FlexibleNullability] java.util.Calendar?>, $completion: kotlin.coroutines.Continuation<com.coroutines.worldclock.common.watchface.WorldClockWatchThemeKt.BaseWatch.<no name provided>>?) [primary] declared in com.coroutines.worldclock.common.watchface.WorldClockWatchThemeKt.BaseWatch.<no name provided>' type=com.coroutines.worldclock.common.watchface.WorldClockWatchThemeKt.BaseWatch.<no name provided> origin=null
                  $timeZoneState$delegate: GET_FIELD 'FIELD FIELD_FOR_CAPTURED_VALUE name:$timeZoneState$delegate type:androidx.compose.runtime.State<java.util.TimeZone> visibility:public/*package*/ [final] declared in com.coroutines.worldclock.common.watchface.WorldClockWatchThemeKt.BaseWatch.<no name provided>' type=androidx.compose.runtime.State<java.util.TimeZone> origin=null
                    receiver: GET_VAR '<this>: com.coroutines.worldclock.common.watchface.WorldClockWatchThemeKt.BaseWatch.<no name provided> declared in com.coroutines.worldclock.common.watchface.WorldClockWatchThemeKt.BaseWatch.<no name provided>.create' type=com.coroutines.worldclock.common.watchface.WorldClockWatchThemeKt.BaseWatch.<no name provided> origin=null
                  $currentTime$delegate: GET_FIELD 'FIELD FIELD_FOR_CAPTURED_VALUE name:$currentTime$delegate type:androidx.compose.runtime.MutableState<@[FlexibleNullability] java.util.Calendar?> visibility:public/*package*/ [final] declared in com.coroutines.worldclock.common.watchface.WorldClockWatchThemeKt.BaseWatch.<no name provided>' type=androidx.compose.runtime.MutableState<@[FlexibleNullability] java.util.Calendar?> origin=null
                    receiver: GET_VAR '<this>: com.coroutines.worldclock.common.watchface.WorldClockWatchThemeKt.BaseWatch.<no name provided> declared in com.coroutines.worldclock.common.watchface.WorldClockWatchThemeKt.BaseWatch.<no name provided>.create' type=com.coroutines.worldclock.common.watchface.WorldClockWatchThemeKt.BaseWatch.<no name provided> origin=null
                  $completion: GET_VAR '$completion: kotlin.coroutines.Continuation<kotlin.Nothing> declared in com.coroutines.worldclock.common.watchface.WorldClockWatchThemeKt.BaseWatch.<no name provided>.create' type=kotlin.coroutines.Continuation<kotlin.Nothing> origin=null
          FUN name:invoke visibility:public modality:FINAL <> ($this:com.coroutines.worldclock.common.watchface.WorldClockWatchThemeKt.BaseWatch.<no name provided>, p1:kotlinx.coroutines.CoroutineScope, p2:kotlin.coroutines.Continuation<kotlin.Unit>?) returnType:kotlin.Any?
            overridden:
              public abstract fun invoke (p1: P1 of kotlin.jvm.functions.Function2, p2: P2 of kotlin.jvm.functions.Function2): R of kotlin.jvm.functions.Function2 declared in kotlin.jvm.functions.Function2
            $this: VALUE_PARAMETER INSTANCE_RECEIVER name:<this> type:com.coroutines.worldclock.common.watchface.WorldClockWatchThemeKt.BaseWatch.<no name provided>
            VALUE_PARAMETER name:p1 index:0 type:kotlinx.coroutines.CoroutineScope
            VALUE_PARAMETER name:p2 index:1 type:kotlin.coroutines.Continuation<kotlin.Unit>?
            BLOCK_BODY
              RETURN type=kotlin.Nothing from='public final fun invoke (p1: kotlinx.coroutines.CoroutineScope, p2: kotlin.coroutines.Continuation<kotlin.Unit>?): kotlin.Any? declared in com.coroutines.worldclock.common.watchface.WorldClockWatchThemeKt.BaseWatch.<no name provided>'
                CALL 'public final fun invokeSuspend ($result: kotlin.Result<kotlin.Any?>): kotlin.Any? declared in com.coroutines.worldclock.common.watchface.WorldClockWatchThemeKt.BaseWatch.<no name provided>' type=kotlin.Any? origin=null
                  $this: TYPE_OP type=com.coroutines.worldclock.common.watchface.WorldClockWatchThemeKt.BaseWatch.<no name provided> origin=IMPLICIT_CAST typeOperand=com.coroutines.worldclock.common.watchface.WorldClockWatchThemeKt.BaseWatch.<no name provided>
                    CALL 'public final fun create (value: kotlin.Any?, $completion: kotlin.coroutines.Continuation<kotlin.Nothing>): kotlin.coroutines.Continuation<kotlin.Unit> declared in com.coroutines.worldclock.common.watchface.WorldClockWatchThemeKt.BaseWatch.<no name provided>' type=kotlin.coroutines.Continuation<kotlin.Unit> origin=null
                      $this: GET_VAR '<this>: com.coroutines.worldclock.common.watchface.WorldClockWatchThemeKt.BaseWatch.<no name provided> declared in com.coroutines.worldclock.common.watchface.WorldClockWatchThemeKt.BaseWatch.<no name provided>.invoke' type=com.coroutines.worldclock.common.watchface.WorldClockWatchThemeKt.BaseWatch.<no name provided> origin=null
                      value: GET_VAR 'p1: kotlinx.coroutines.CoroutineScope declared in com.coroutines.worldclock.common.watchface.WorldClockWatchThemeKt.BaseWatch.<no name provided>.invoke' type=kotlinx.coroutines.CoroutineScope origin=null
                      $completion: GET_VAR 'p2: kotlin.coroutines.Continuation<kotlin.Unit>? declared in com.coroutines.worldclock.common.watchface.WorldClockWatchThemeKt.BaseWatch.<no name provided>.invoke' type=kotlin.coroutines.Continuation<kotlin.Unit>? origin=null
                  $result: CALL 'public final fun <unsafe-coerce> <T, R> (v: T of kotlin.jvm.internal.<unsafe-coerce>): R of kotlin.jvm.internal.<unsafe-coerce> declared in kotlin.jvm.internal' type=kotlin.Result<kotlin.Any?> origin=null
                    <T>: kotlin.Any?
                    <R>: kotlin.Result<kotlin.Any?>
                    v: GET_FIELD 'FIELD FIELD_FOR_OBJECT_INSTANCE name:INSTANCE type:kotlin.Unit visibility:public [final,static] declared in kotlin.Unit' type=kotlin.Unit origin=null
          FIELD FIELD_FOR_CAPTURED_VALUE name:$timeZoneState$delegate type:androidx.compose.runtime.State<java.util.TimeZone> visibility:public/*package*/ [final]
          FIELD FIELD_FOR_CAPTURED_VALUE name:$currentTime$delegate type:androidx.compose.runtime.MutableState<@[FlexibleNullability] java.util.Calendar?> visibility:public/*package*/ [final]
          FUN BRIDGE name:invoke visibility:public modality:OPEN <> ($this:com.coroutines.worldclock.common.watchface.WorldClockWatchThemeKt.BaseWatch.<no name provided>, p1:kotlin.Any?, p2:kotlin.Any?) returnType:kotlin.Any?
            $this: VALUE_PARAMETER INSTANCE_RECEIVER name:<this> type:com.coroutines.worldclock.common.watchface.WorldClockWatchThemeKt.BaseWatch.<no name provided>
            VALUE_PARAMETER BRIDGE name:p1 index:0 type:kotlin.Any?
            VALUE_PARAMETER BRIDGE name:p2 index:1 type:kotlin.Any?
            EXPRESSION_BODY
              RETURN type=kotlin.Nothing from='public open fun invoke (p1: kotlin.Any?, p2: kotlin.Any?): kotlin.Any? declared in com.coroutines.worldclock.common.watchface.WorldClockWatchThemeKt.BaseWatch.<no name provided>'
                CALL 'public final fun invoke (p1: kotlinx.coroutines.CoroutineScope, p2: kotlin.coroutines.Continuation<kotlin.Unit>?): kotlin.Any? declared in com.coroutines.worldclock.common.watchface.WorldClockWatchThemeKt.BaseWatch.<no name provided>' type=kotlin.Any? origin=BRIDGE_DELEGATION
                  $this: GET_VAR '<this>: com.coroutines.worldclock.common.watchface.WorldClockWatchThemeKt.BaseWatch.<no name provided> declared in com.coroutines.worldclock.common.watchface.WorldClockWatchThemeKt.BaseWatch.<no name provided>.invoke' type=com.coroutines.worldclock.common.watchface.WorldClockWatchThemeKt.BaseWatch.<no name provided> origin=null
                  p1: TYPE_OP type=kotlinx.coroutines.CoroutineScope origin=IMPLICIT_CAST typeOperand=kotlinx.coroutines.CoroutineScope
                    GET_VAR 'p1: kotlin.Any? declared in com.coroutines.worldclock.common.watchface.WorldClockWatchThemeKt.BaseWatch.<no name provided>.invoke' type=kotlin.Any? origin=null
                  p2: TYPE_OP type=kotlin.coroutines.Continuation<*> origin=IMPLICIT_CAST typeOperand=kotlin.coroutines.Continuation<*>
                    GET_VAR 'p2: kotlin.Any? declared in com.coroutines.worldclock.common.watchface.WorldClockWatchThemeKt.BaseWatch.<no name provided>.invoke' type=kotlin.Any? origin=null
        CONSTRUCTOR_CALL 'public/*package*/ constructor <init> ($timeZoneState$delegate: androidx.compose.runtime.State<java.util.TimeZone>, $currentTime$delegate: androidx.compose.runtime.MutableState<@[FlexibleNullability] java.util.Calendar?>, $completion: kotlin.coroutines.Continuation<com.coroutines.worldclock.common.watchface.WorldClockWatchThemeKt.BaseWatch.<no name provided>>?) [primary] declared in com.coroutines.worldclock.common.watchface.WorldClockWatchThemeKt.BaseWatch.<no name provided>' type=com.coroutines.worldclock.common.watchface.WorldClockWatchThemeKt.BaseWatch.<no name provided> origin=null
          $timeZoneState$delegate: GET_VAR 'val timeZoneState$delegate: androidx.compose.runtime.State<java.util.TimeZone> [val] declared in com.coroutines.worldclock.common.watchface.WorldClockWatchThemeKt.BaseWatch' type=androidx.compose.runtime.State<java.util.TimeZone> origin=null
          $currentTime$delegate: GET_VAR 'val currentTime$delegate: androidx.compose.runtime.MutableState<@[FlexibleNullability] java.util.Calendar?> [val] declared in com.coroutines.worldclock.common.watchface.WorldClockWatchThemeKt.BaseWatch' type=androidx.compose.runtime.MutableState<@[FlexibleNullability] java.util.Calendar?> origin=null
          $completion: CONST Null type=kotlin.Nothing? value=null
    CALL 'public final fun Box$default (modifier: androidx.compose.ui.Modifier?, contentAlignment: androidx.compose.ui.Alignment?, propagateMinConstraints: kotlin.Boolean, content: @[Composable] @[ExtensionFunctionType] kotlin.Function1<androidx.compose.foundation.layout.BoxScope, kotlin.Unit>, $mask0: kotlin.Int, $handler: kotlin.Any?): kotlin.Unit [inline] declared in androidx.compose.foundation.layout.BoxKt' type=kotlin.Unit origin=DEFAULT_DISPATCH_CALL
      modifier: CALL 'public final fun fillMaxSize$default (fraction: kotlin.Float, $mask0: kotlin.Int, $handler: kotlin.Any?): androidx.compose.ui.Modifier declared in androidx.compose.foundation.layout.SizeKt' type=androidx.compose.ui.Modifier origin=DEFAULT_DISPATCH_CALL
        $receiver: GET_VAR 'modifier: androidx.compose.ui.Modifier declared in com.coroutines.worldclock.common.watchface.WorldClockWatchThemeKt.BaseWatch' type=androidx.compose.ui.Modifier origin=null
        fraction: COMPOSITE type=kotlin.Float origin=DEFAULT_VALUE
          CONST Float type=kotlin.Float value=0.0
        $mask0: CONST Int type=kotlin.Int value=1
        $handler: CONST Null type=kotlin.Any? value=null
      contentAlignment: CALL 'public final fun <get-Center> (): androidx.compose.ui.Alignment declared in androidx.compose.ui.Alignment.Companion' type=androidx.compose.ui.Alignment origin=GET_PROPERTY
        $this: GET_FIELD 'FIELD FIELD_FOR_OBJECT_INSTANCE name:Companion type:androidx.compose.ui.Alignment.Companion visibility:public [final,static] declared in androidx.compose.ui.Alignment' type=androidx.compose.ui.Alignment.Companion origin=null
      propagateMinConstraints: COMPOSITE type=kotlin.Boolean origin=DEFAULT_VALUE
        CONST Boolean type=kotlin.Boolean value=false
      content: BLOCK type=@[ExtensionFunctionType] kotlin.Function1<androidx.compose.foundation.layout.BoxScope, kotlin.Unit> origin=LAMBDA
        COMPOSITE type=kotlin.Unit origin=null
        FUNCTION_REFERENCE 'private final fun BaseWatch$lambda$4 ($theme: com.coroutines.worldclock.common.watchface.WorldClockWatchTheme, $currentTime$delegate: androidx.compose.runtime.MutableState<@[FlexibleNullability] java.util.Calendar?>): kotlin.Unit declared in com.coroutines.worldclock.common.watchface.WorldClockWatchThemeKt' type=@[ExtensionFunctionType] kotlin.Function1<androidx.compose.foundation.layout.BoxScope, kotlin.Unit> origin=INLINE_LAMBDA reflectionTarget=null
          $theme: GET_VAR 'theme: com.coroutines.worldclock.common.watchface.WorldClockWatchTheme declared in com.coroutines.worldclock.common.watchface.WorldClockWatchThemeKt.BaseWatch' type=com.coroutines.worldclock.common.watchface.WorldClockWatchTheme origin=null
          $currentTime$delegate: GET_VAR 'val currentTime$delegate: androidx.compose.runtime.MutableState<@[FlexibleNullability] java.util.Calendar?> [val] declared in com.coroutines.worldclock.common.watchface.WorldClockWatchThemeKt.BaseWatch' type=androidx.compose.runtime.MutableState<@[FlexibleNullability] java.util.Calendar?> origin=null
      $mask0: CONST Int type=kotlin.Int value=4
      $handler: CONST Null type=kotlin.Any? value=null

	at org.jetbrains.kotlin.backend.jvm.codegen.FunctionCodegen.generate(FunctionCodegen.kt:47)
	at org.jetbrains.kotlin.backend.jvm.codegen.FunctionCodegen.generate$default(FunctionCodegen.kt:40)
	at org.jetbrains.kotlin.backend.jvm.codegen.ClassCodegen.generateMethodNode(ClassCodegen.kt:406)
	at org.jetbrains.kotlin.backend.jvm.codegen.ClassCodegen.generateMethod(ClassCodegen.kt:423)
	at org.jetbrains.kotlin.backend.jvm.codegen.ClassCodegen.generate(ClassCodegen.kt:168)
	at org.jetbrains.kotlin.backend.jvm.FileCodegen.lower(JvmPhases.kt:39)
	at org.jetbrains.kotlin.backend.common.phaser.PhaseFactoriesKt.createFilePhase$lambda$4(PhaseFactories.kt:71)
	at org.jetbrains.kotlin.backend.common.phaser.PhaseBuildersKt$createSimpleNamedCompilerPhase$1.phaseBody(PhaseBuilders.kt:69)
	at org.jetbrains.kotlin.backend.common.phaser.SimpleNamedCompilerPhase.phaseBody(CompilerPhase.kt:226)
	at org.jetbrains.kotlin.backend.common.phaser.AbstractNamedCompilerPhase.invoke(CompilerPhase.kt:113)
	at org.jetbrains.kotlin.backend.common.phaser.PerformByIrFilePhase.invokeSequential(performByIrFile.kt:62)
	... 43 more
Caused by: org.jetbrains.kotlin.codegen.CompilationException: Back-end (JVM) Internal error: Couldn't inline method call: CALL 'public final fun remember <T> (calculation: @[DisallowComposableCalls] kotlin.Function0<T of androidx.compose.runtime.ComposablesKt.remember>): T of androidx.compose.runtime.ComposablesKt.remember [inline] declared in androidx.compose.runtime.ComposablesKt' type=androidx.compose.runtime.MutableState<@[FlexibleNullability] java.util.Calendar?> origin=null
Method: null
File is unknown
The root cause java.lang.IllegalStateException was thrown at: org.jetbrains.kotlin.codegen.inline.SourceCompilerForInlineKt.getMethodNode(SourceCompilerForInline.kt:118)
	at org.jetbrains.kotlin.codegen.inline.InlineCodegen.performInline(InlineCodegen.kt:65)
	at org.jetbrains.kotlin.backend.jvm.codegen.IrInlineCodegen.genInlineCall(IrInlineCodegen.kt:163)
	at org.jetbrains.kotlin.backend.jvm.codegen.IrInlineCallGenerator.genCall(IrInlineCallGenerator.kt:36)
	at org.jetbrains.kotlin.backend.jvm.codegen.ExpressionCodegen.visitCall(ExpressionCodegen.kt:653)
	at org.jetbrains.kotlin.backend.jvm.codegen.ExpressionCodegen.visitCall(ExpressionCodegen.kt:138)
	at org.jetbrains.kotlin.ir.expressions.IrCall.accept(IrCall.kt:24)
	at org.jetbrains.kotlin.backend.jvm.codegen.ExpressionCodegen.visitVariable(ExpressionCodegen.kt:790)
	at org.jetbrains.kotlin.backend.jvm.codegen.ExpressionCodegen.visitVariable(ExpressionCodegen.kt:138)
	at org.jetbrains.kotlin.ir.declarations.IrVariable.accept(IrVariable.kt:36)
	at org.jetbrains.kotlin.backend.jvm.codegen.ExpressionCodegen.visitStatementContainer(ExpressionCodegen.kt:579)
	at org.jetbrains.kotlin.backend.jvm.codegen.ExpressionCodegen.visitBlockBody(ExpressionCodegen.kt:584)
	at org.jetbrains.kotlin.backend.jvm.codegen.ExpressionCodegen.visitBlockBody(ExpressionCodegen.kt:138)
	at org.jetbrains.kotlin.ir.expressions.IrBlockBody.accept(IrBlockBody.kt:20)
	at org.jetbrains.kotlin.backend.jvm.codegen.ExpressionCodegen.generate(ExpressionCodegen.kt:240)
	at org.jetbrains.kotlin.backend.jvm.codegen.FunctionCodegen.doGenerate(FunctionCodegen.kt:123)
	at org.jetbrains.kotlin.backend.jvm.codegen.FunctionCodegen.generate(FunctionCodegen.kt:44)
	... 53 more
Caused by: java.lang.IllegalStateException: couldn't find inline method Landroidx/compose/runtime/ComposablesKt;.remember(Lkotlin/jvm/functions/Function0;)Ljava/lang/Object;
	at org.jetbrains.kotlin.codegen.inline.SourceCompilerForInlineKt.getMethodNode(SourceCompilerForInline.kt:118)
	at org.jetbrains.kotlin.codegen.inline.SourceCompilerForInlineKt.loadCompiledInlineFunction(SourceCompilerForInline.kt:96)
	at org.jetbrains.kotlin.backend.jvm.codegen.IrSourceCompilerForInline.compileInlineFunction(IrSourceCompilerForInline.kt:91)
	at org.jetbrains.kotlin.codegen.inline.InlineCodegen.compileInline(InlineCodegen.kt:43)
	at org.jetbrains.kotlin.codegen.inline.InlineCodegen.performInline(InlineCodegen.kt:51)
	... 68 more


